\BOOKMARK [1][-]{section*.1}{\376\377\000E\000x\000e\000c\000u\000t\000i\000v\000e\000\040\000S\000u\000m\000m\000a\000r\000y\000\040\000a\000n\000d\000\040\000R\000e\000c\000o\000m\000m\000e\000n\000d\000a\000t\000i\000o\000n\000s}{}% 1
\BOOKMARK [2][-]{section*.2}{\376\377\000R\000e\000s\000e\000a\000r\000c\000h\000\040\000Q\000u\000e\000s\000t\000i\000o\000n\000s}{section*.1}% 2
\BOOKMARK [3][-]{section*.3}{\376\377\000R\000e\000v\000i\000e\000w\000\040\000o\000f\000\040\000t\000h\000e\000\040\000M\000e\000t\000h\000o\000d\000o\000l\000o\000g\000y}{section*.2}% 3
\BOOKMARK [3][-]{section*.4}{\376\377\000R\000e\000s\000u\000l\000t\000s}{section*.2}% 4
\BOOKMARK [3][-]{section*.5}{\376\377\000A\000p\000p\000l\000y\000i\000n\000g\000\040\000t\000h\000e\000\040\000r\000e\000s\000u\000l\000t\000s}{section*.2}% 5
\BOOKMARK [1][-]{section*.6}{\376\377\000T\000e\000c\000h\000n\000i\000c\000a\000l\000\040\000A\000p\000p\000e\000n\000d\000i\000x}{}% 6
\BOOKMARK [2][-]{section*.7}{\376\377\000I\000n\000t\000r\000o\000d\000u\000c\000t\000i\000o\000n\000\040\000a\000n\000d\000\040\000C\000o\000n\000t\000e\000x\000t}{section*.6}% 7
\BOOKMARK [3][-]{section*.8}{\376\377\000T\000h\000e\000\040\000C\000h\000i\000l\000d\000r\000e\000n\000'\000s\000\040\000S\000c\000i\000e\000n\000c\000e\000\040\000C\000e\000n\000t\000e\000r}{section*.7}% 8
\BOOKMARK [3][-]{section*.9}{\376\377\000T\000h\000e\000\040\000F\000u\000n\000d\000r\000a\000i\000s\000i\000n\000g\000\040\000S\000u\000r\000g\000e}{section*.7}% 9
\BOOKMARK [3][-]{section*.10}{\376\377\000R\000e\000s\000e\000a\000r\000c\000h\000\040\000Q\000u\000e\000s\000t\000i\000o\000n\000s}{section*.7}% 10
\BOOKMARK [2][-]{section*.11}{\376\377\000R\000e\000s\000e\000a\000r\000c\000h\000\040\000P\000r\000o\000p\000o\000s\000a\000l}{section*.6}% 11
\BOOKMARK [3][-]{section*.12}{\376\377\000R\000e\000s\000e\000a\000r\000c\000h\000\040\000H\000y\000p\000o\000t\000h\000e\000s\000e\000s}{section*.11}% 12
\BOOKMARK [3][-]{section*.13}{\376\377\000E\000x\000p\000e\000r\000i\000m\000e\000n\000t\000a\000l\000\040\000D\000e\000s\000i\000g\000n\000\040\000a\000n\000d\000\040\000T\000r\000e\000a\000t\000m\000e\000n\000t\000\040\000i\000n\000\040\000D\000e\000t\000a\000i\000l\000s}{section*.11}% 13
\BOOKMARK [3][-]{section*.14}{\376\377\000S\000t\000a\000t\000i\000s\000t\000i\000c\000a\000l\000\040\000P\000o\000w\000e\000r}{section*.11}% 14
\BOOKMARK [3][-]{section*.15}{\376\377\000E\000n\000r\000o\000l\000l\000m\000e\000n\000t\000\040\000P\000r\000o\000c\000e\000s\000s\000\040\000\046\000\040\000C\000r\000i\000t\000e\000r\000i\000a\000\040\000f\000o\000r\000\040\000S\000u\000b\000j\000e\000c\000t\000s}{section*.11}% 15
\BOOKMARK [3][-]{section*.16}{\376\377\000V\000a\000l\000i\000d\000a\000t\000i\000o\000n\000\040\000o\000f\000\040\000R\000a\000n\000d\000o\000m\000i\000z\000a\000t\000i\000o\000n\000\040\000P\000r\000o\000c\000e\000d\000u\000r\000e}{section*.11}% 16
\BOOKMARK [3][-]{section*.17}{\376\377\000O\000u\000t\000c\000o\000m\000e\000\040\000M\000e\000a\000s\000u\000r\000e\000s}{section*.11}% 17
\BOOKMARK [3][-]{section*.18}{\376\377\000A\000c\000c\000o\000u\000n\000t\000i\000n\000g\000\040\000f\000o\000r\000\040\000N\000o\000n\000-\000C\000o\000m\000p\000l\000i\000a\000n\000c\000e}{section*.11}% 18
\BOOKMARK [2][-]{section*.19}{\376\377\000R\000e\000s\000e\000a\000r\000c\000h\000\040\000R\000e\000p\000o\000r\000t}{section*.6}% 19
\BOOKMARK [3][-]{section*.20}{\376\377\000E\000x\000p\000e\000r\000i\000m\000e\000n\000t\000\040\000R\000e\000s\000u\000l\000t\000s}{section*.19}% 20
\BOOKMARK [3][-]{section*.21}{\376\377\000G\000e\000n\000e\000r\000a\000l\000i\000z\000a\000b\000i\000l\000i\000t\000y\000\040\000a\000n\000d\000\040\000M\000e\000d\000i\000a\000t\000i\000o\000n\000\040\000A\000n\000a\000l\000y\000s\000i\000s}{section*.19}% 21
